[2023-02-24 01:38:51,483]  INFO {cps:143} *** "APScheduler" version does not fit the requirements. Should: available, Found: Not available, please consider installing required version ***
[2023-02-24 01:38:51,483]  INFO {cps:143} *** "greenlet" version does not fit the requirements. Should: available, Found: Not available, please consider installing required version ***
[2023-02-24 01:38:51,483]  INFO {cps:152} Starting Calibre Web...
[2023-02-24 01:38:51,950]  INFO {apscheduler.scheduler:171} Scheduler started
[2023-02-24 01:38:51,973]  WARN {py.warnings:109} /usr/local/lib/python3.10/dist-packages/apscheduler/util.py:436: PytzUsageWarning: The localize method is no longer necessary, as this time zone supports the fold attribute (PEP 495). For more details on migrating to a PEP 495-compliant implementation, see https://pytz-deprecation-shim.readthedocs.io/en/latest/migration.html
  return tzinfo.localize(dt)

[2023-02-24 01:38:51,974]  INFO {apscheduler.scheduler:885} Added job "end scheduled task" to job store "default"
[2023-02-24 01:38:52,937]  INFO {cps.server:205} Starting Gevent server on [::]:8083
[2023-02-24 01:40:28,679]  WARN {cps.web:1331} Login failed for user "admin" IP-address: ::ffff:10.244.1.100
[2023-02-24 04:10:00,026]  INFO {apscheduler.executors.default:123} Running job "end scheduled task (trigger: cron[hour='4', minute='10'], next run at: 2023-02-24 04:10:00 UTC)" (scheduled at 2023-02-24 04:10:00+00:00)
[2023-02-24 04:10:00,027]  INFO {apscheduler.executors.default:144} Job "end scheduled task (trigger: cron[hour='4', minute='10'], next run at: 2023-02-25 04:10:00 UTC)" executed successfully
[2023-02-24 07:16:44,582] ERROR {cps.server:1226} <gevent._socket3.socket at 0x7fd6d61de7a0 object, fd=11, family=10, type=1, proto=0>: Invalid HTTP method: '\x03\x00\x00\x13\x0eà\x00\x00\x00\x00\x00\x01\x00\x08\x00\x02\x00\x00\x00'
[2023-02-24 13:47:31,625] ERROR {cps.server:1226} <gevent._socket3.socket at 0x7fd6d5e87400 object, fd=11, family=10, type=1, proto=0>: Expected GET method: '\x03\x00\x00/*à\x00\x00\x00\x00\x00Cookie: mstshash=Administr\r\n'
[2023-02-25 03:27:27,915] ERROR {cps.server:1226} <gevent._socket3.socket at 0x7fd6d61de7a0 object, fd=11, family=10, type=1, proto=0>: Invalid http version: "\x16\x03\x01\x00î\x01\x00\x00ê\x03\x03I\x06²ù¼\x99iÀYûøºe-\x83Ud]\x0e\x8d·b8´gÆÝ9dZ8f gÁ\x81i³öòË°©\x19NÖ½\x95g|püé<Z¡\x90T·é¥8'O;\x00&À+À/À,À0Ì©Ì¨À\tÀ\x13À\n"
[2023-02-25 04:10:00,052]  INFO {apscheduler.executors.default:123} Running job "end scheduled task (trigger: cron[hour='4', minute='10'], next run at: 2023-02-26 04:10:00 UTC)" (scheduled at 2023-02-25 04:10:00+00:00)
[2023-02-25 04:10:00,056]  INFO {apscheduler.executors.default:144} Job "end scheduled task (trigger: cron[hour='4', minute='10'], next run at: 2023-02-26 04:10:00 UTC)" executed successfully
[2023-02-25 20:02:20,341] ERROR {cps.server:1226} <gevent._socket3.socket at 0x7fd6d4ad37c0 object, fd=11, family=10, type=1, proto=0>: Expected GET method: '\x03\x00\x00/*à\x00\x00\x00\x00\x00Cookie: mstshash=Administr\r\n'
[2023-02-26 04:10:00,071]  INFO {apscheduler.executors.default:123} Running job "end scheduled task (trigger: cron[hour='4', minute='10'], next run at: 2023-02-27 04:10:00 UTC)" (scheduled at 2023-02-26 04:10:00+00:00)
[2023-02-26 04:10:00,079]  INFO {apscheduler.executors.default:144} Job "end scheduled task (trigger: cron[hour='4', minute='10'], next run at: 2023-02-27 04:10:00 UTC)" executed successfully
[2023-02-26 04:10:59,545] ERROR {cps.server:1226} <gevent._socket3.socket at 0x7fd6d5d89960 object, fd=11, family=10, type=1, proto=0>: Invalid HTTP method: '\x03\x00\x00\x13\x0eà\x00\x00\x00\x00\x00\x01\x00\x08\x00\x02\x00\x00\x00'
[2023-02-26 10:36:20,736] ERROR {cps.server:1226} <gevent._socket3.socket at 0x7fd6d4ad37c0 object, fd=11, family=10, type=1, proto=0>: Expected GET method: '\x03\x00\x00/*à\x00\x00\x00\x00\x00Cookie: mstshash=Administr\r\n'
[2023-02-26 13:34:02,708] ERROR {cps.server:1226} <gevent._socket3.socket at 0x7fd6d4ad37c0 object, fd=11, family=10, type=1, proto=0>: Invalid HTTP method: '\x03\x00\x00\x13\x0eà\x00\x00\x00\x00\x00\x01\x00\x08\x00\x02\x00\x00\x00'
[2023-02-26 17:36:57,871] ERROR {cps.server:1226} <gevent._socket3.socket at 0x7fd6d5d89960 object, fd=11, family=10, type=1, proto=0>: Expected GET method: '\x03\x00\x00/*à\x00\x00\x00\x00\x00Cookie: mstshash=Administr\r\n'
[2023-02-26 22:13:10,461] ERROR {cps.server:1226} <gevent._socket3.socket at 0x7fd6d6025360 object, fd=11, family=10, type=1, proto=0>: Expected GET method: '\x03\x00\x00/*à\x00\x00\x00\x00\x00Cookie: mstshash=Administr\r\n'
[2023-02-27 04:10:00,084]  INFO {apscheduler.executors.default:123} Running job "end scheduled task (trigger: cron[hour='4', minute='10'], next run at: 2023-02-28 04:10:00 UTC)" (scheduled at 2023-02-27 04:10:00+00:00)
[2023-02-27 04:10:00,087]  INFO {apscheduler.executors.default:144} Job "end scheduled task (trigger: cron[hour='4', minute='10'], next run at: 2023-02-28 04:10:00 UTC)" executed successfully
[2023-02-27 08:51:19,686] ERROR {cps.server:1226} <gevent._socket3.socket at 0x7fd6d6025360 object, fd=11, family=10, type=1, proto=0>: Invalid HTTP method: '\r\n'
[2023-02-27 08:52:23,271] ERROR {cps.server:1226} <gevent._socket3.socket at 0x7fd6d49d6bc0 object, fd=11, family=10, type=1, proto=0>: Invalid HTTP method: '\x0e\x00\x00\x00\x00\x00\x00\x00\x00\x00\x00\x00\x00\x00\x00\x00bbbb0100000001'
[2023-02-27 12:27:22,434] ERROR {cps.server:1226} <gevent._socket3.socket at 0x7fd6c7fc54e0 object, fd=11, family=10, type=1, proto=0>: Invalid HTTP method: '\x16\x03\x01\x00î\x01\x00\x00ê\x03\x03\x96±.\x8dæ°è9ªUjGá¬l!,]hëçè\x1f\x96\x05¼\x9dè#-Kï ®0¼Z,Y\x12í\x12\x7fË\x052Z/Ãp\x96Õ\x9bl\x06\x0e\x9f(a\x91 \t¬\x11d\x00&À+À/À,À0Ì©Ì¨À\tÀ\x13À\n'
[2023-02-27 23:12:16,188] ERROR {cps.server:1226} <gevent._socket3.socket at 0x7fd6c7fc6740 object, fd=11, family=10, type=1, proto=0>: Invalid HTTP method: '\x03\x00\x00\x13\x0eà\x00\x00\x00\x00\x00\x01\x00\x08\x00\x02\x00\x00\x00'
[2023-02-28 00:29:07,201] ERROR {cps.server:1226} <gevent._socket3.socket at 0x7fd6c7e2eaa0 object, fd=11, family=10, type=1, proto=0>: Invalid HTTP method: '\x16\x03\x01\x00î\x01\x00\x00ê\x03\x03\x88\x10ó\x1b\x1b(g±ë|>»{h\x92\x936H\xad\x01¸Sp\x01 ~¶ñDyf£ J\x94S_°ìÂv9\x1e¸¦»m\\¶\x97\x8c\x84\x10Aå\x95ºÅ\x9b°ëØ±,|\x00&Ì¨Ì©À/À0À+À,À\x13À\tÀ\x14À\n'
[2023-02-28 00:29:09,618] ERROR {cps.server:1226} <gevent._socket3.socket at 0x7fd6c7e2eaa0 object, fd=11, family=10, type=1, proto=0>: Invalid http version: 'PRI * HTTP/2.0\r\n'
[2023-02-28 00:29:10,669] ERROR {cps.server:1226} <gevent._socket3.socket at 0x7fd6c7fc6740 object, fd=11, family=10, type=1, proto=0>: Invalid http version: 'PRI * HTTP/2.0\r\n'
[2023-02-28 04:10:00,052]  INFO {apscheduler.executors.default:123} Running job "end scheduled task (trigger: cron[hour='4', minute='10'], next run at: 2023-03-01 04:10:00 UTC)" (scheduled at 2023-02-28 04:10:00+00:00)
[2023-02-28 04:10:00,059]  INFO {apscheduler.executors.default:144} Job "end scheduled task (trigger: cron[hour='4', minute='10'], next run at: 2023-03-01 04:10:00 UTC)" executed successfully
[2023-02-28 22:32:12,473] ERROR {cps.server:1226} <gevent._socket3.socket at 0x7fd6c7efb460 object, fd=11, family=10, type=1, proto=0>: Invalid HTTP method: '\x03\x00\x00\x13\x0eà\x00\x00\x00\x00\x00\x01\x00\x08\x00\x02\x00\x00\x00'
[2023-03-01 03:17:12,190] ERROR {cps.server:1226} <gevent._socket3.socket at 0x7fd6c7d823e0 object, fd=11, family=10, type=1, proto=0>: Invalid http version: '\x12\x01\x004\x00\x00\x01\x00\x00\x00\x15\x00\x06\x01\x00\x1b\x00\x01\x02\x00\x1c\x00\x0c\x03\x00(\x00\x04ÿ\x08\x00\x01U\x00\x00\x00MSSQLServer\x00É·\x00\x00'
[2023-03-01 04:10:00,047]  INFO {apscheduler.executors.default:123} Running job "end scheduled task (trigger: cron[hour='4', minute='10'], next run at: 2023-03-02 04:10:00 UTC)" (scheduled at 2023-03-01 04:10:00+00:00)
[2023-03-01 04:10:00,059]  INFO {apscheduler.executors.default:144} Job "end scheduled task (trigger: cron[hour='4', minute='10'], next run at: 2023-03-02 04:10:00 UTC)" executed successfully
[2023-03-01 07:22:35,879] ERROR {cps.server:1226} <gevent._socket3.socket at 0x7fd6c7efb460 object, fd=11, family=10, type=1, proto=0>: Expected GET method: '\x03\x00\x00/*à\x00\x00\x00\x00\x00Cookie: mstshash=Administr\r\n'
[2023-03-01 10:45:40,252] ERROR {cps.server:1226} <gevent._socket3.socket at 0x7fd6c7efb460 object, fd=11, family=10, type=1, proto=0>: Expected GET method: '\x03\x00\x00/*à\x00\x00\x00\x00\x00Cookie: mstshash=Administr\r\n'
[2023-03-01 11:40:49,411] ERROR {cps.server:1226} <gevent._socket3.socket at 0x7fd6c7d823e0 object, fd=11, family=10, type=1, proto=0>: Expected GET method: '\x03\x00\x00/*à\x00\x00\x00\x00\x00Cookie: mstshash=Administr\r\n'
[2023-03-01 11:40:50,860] ERROR {cps.server:1226} <gevent._socket3.socket at 0x7fd6c7efb460 object, fd=11, family=10, type=1, proto=0>: Invalid http version: "\x16\x03\x01\x00î\x01\x00\x00ê\x03\x03I\x06²ù¼\x99iÀYûøºe-\x83Ud]\x0e\x8d·b8´gÆÝ9dZ8f gÁ\x81i³öòË°©\x19NÖ½\x95g|püé<Z¡\x90T·é¥8'O;\x00&À+À/À,À0Ì©Ì¨À\tÀ\x13À\n"
[2023-03-01 21:57:29,421] ERROR {cps.server:1226} <gevent._socket3.socket at 0x7fd6d5e87be0 object, fd=11, family=10, type=1, proto=0>: Invalid http version: 'PRI * HTTP/2.0\r\n'
[2023-03-01 21:57:30,431] ERROR {cps.server:1226} <gevent._socket3.socket at 0x7fd6d5c48700 object, fd=11, family=10, type=1, proto=0>: Invalid http version: 'PRI * HTTP/2.0\r\n'
[2023-03-02 00:26:03,301] ERROR {cps.server:1226} <gevent._socket3.socket at 0x7fd6e6939ea0 object, fd=11, family=10, type=1, proto=0>: Invalid HTTP method: '\x03\x00\x00\x13\x0eà\x00\x00\x00\x00\x00\x01\x00\x08\x00\x02\x00\x00\x00'
[2023-03-02 04:10:00,058]  INFO {apscheduler.executors.default:123} Running job "end scheduled task (trigger: cron[hour='4', minute='10'], next run at: 2023-03-03 04:10:00 UTC)" (scheduled at 2023-03-02 04:10:00+00:00)
[2023-03-02 04:10:00,075]  INFO {apscheduler.executors.default:144} Job "end scheduled task (trigger: cron[hour='4', minute='10'], next run at: 2023-03-03 04:10:00 UTC)" executed successfully
[2023-03-02 04:51:06,302] ERROR {cps.server:1226} <gevent._socket3.socket at 0x7fd6e6939ea0 object, fd=11, family=10, type=1, proto=0>: Expected GET method: '\x03\x00\x00/*à\x00\x00\x00\x00\x00Cookie: mstshash=Administr\r\n'
[2023-03-02 05:50:47,281] ERROR {cps.server:1226} <gevent._socket3.socket at 0x7fd6e6939e40 object, fd=11, family=10, type=1, proto=0>: Expected GET method: '\x03\x00\x00/*à\x00\x00\x00\x00\x00Cookie: mstshash=Administr\r\n'
[2023-03-02 11:44:04,646] ERROR {cps.server:1226} <gevent._socket3.socket at 0x7fd6c7b63940 object, fd=11, family=10, type=1, proto=0>: Invalid HTTP method: '\x03\x00\x00\x13\x0eà\x00\x00\x00\x00\x00\x01\x00\x08\x00\x02\x00\x00\x00'
[2023-03-02 21:35:57,413] ERROR {cps.server:1226} <gevent._socket3.socket at 0x7fd6c7b63940 object, fd=11, family=10, type=1, proto=0>: Invalid HTTP method: '\x03\x00\x00\x13\x0eà\x00\x00\x00\x00\x00\x01\x00\x08\x00\x02\x00\x00\x00'
[2023-03-03 02:39:04,201] ERROR {cps.server:1226} <gevent._socket3.socket at 0x7fd6c7b63940 object, fd=11, family=10, type=1, proto=0>: Expected GET method: '\x03\x00\x00/*à\x00\x00\x00\x00\x00Cookie: mstshash=Administr\r\n'
[2023-03-03 03:37:53,549] ERROR {cps.server:1226} <gevent._socket3.socket at 0x7fd6d45897e0 object, fd=11, family=10, type=1, proto=0>: Expected GET method: '\x03\x00\x00/*à\x00\x00\x00\x00\x00Cookie: mstshash=Administr\r\n'
[2023-03-03 04:10:00,051]  INFO {apscheduler.executors.default:123} Running job "end scheduled task (trigger: cron[hour='4', minute='10'], next run at: 2023-03-04 04:10:00 UTC)" (scheduled at 2023-03-03 04:10:00+00:00)
[2023-03-03 04:10:00,061]  INFO {apscheduler.executors.default:144} Job "end scheduled task (trigger: cron[hour='4', minute='10'], next run at: 2023-03-04 04:10:00 UTC)" executed successfully
[2023-03-03 07:37:18,937] ERROR {cps.server:1226} <gevent._socket3.socket at 0x7fd6d45897e0 object, fd=11, family=10, type=1, proto=0>: Invalid HTTP method: '\x03\x00\x00\x13\x0eà\x00\x00\x00\x00\x00\x01\x00\x08\x00\x02\x00\x00\x00'
[2023-03-03 07:37:25,481] ERROR {cps.server:1226} <gevent._socket3.socket at 0x7fd6d45897e0 object, fd=11, family=10, type=1, proto=0>: Invalid HTTP method: '\x03\x00\x00\x13\x0eà\x00\x00\x00\x00\x00\x01\x00\x08\x00\x02\x00\x00\x00'
[2023-03-03 07:48:43,766] ERROR {cps.server:1226} <gevent._socket3.socket at 0x7fd6d45897e0 object, fd=11, family=10, type=1, proto=0>: Expected GET method: '\x03\x00\x00/*à\x00\x00\x00\x00\x00Cookie: mstshash=Administr\r\n'
[2023-03-03 17:18:01,748] ERROR {cps.server:1226} <gevent._socket3.socket at 0x7fd6d45897e0 object, fd=11, family=10, type=1, proto=0>: Invalid HTTP method: '\x03\x00\x00\x13\x0eà\x00\x00\x00\x00\x00\x01\x00\x08\x00\x02\x00\x00\x00'
[2023-03-03 20:46:36,488] ERROR {cps.server:1226} <gevent._socket3.socket at 0x7fd6d45897e0 object, fd=11, family=10, type=1, proto=0>: Expected GET method: '\x03\x00\x00/*à\x00\x00\x00\x00\x00Cookie: mstshash=Administr\r\n'
[2023-03-04 01:06:44,432] ERROR {cps.server:1226} <gevent._socket3.socket at 0x7fd6c7b63940 object, fd=11, family=10, type=1, proto=0>: Expected GET method: '\x03\x00\x00/*à\x00\x00\x00\x00\x00Cookie: mstshash=Administr\r\n'
[2023-03-04 01:25:00,708] ERROR {cps.server:1226} <gevent._socket3.socket at 0x7fd6c7b63940 object, fd=11, family=10, type=1, proto=0>: Invalid http version: 'PRI * HTTP/2.0\r\n'
[2023-03-04 01:25:01,800] ERROR {cps.server:1226} <gevent._socket3.socket at 0x7fd6c7b63940 object, fd=11, family=10, type=1, proto=0>: Invalid http version: 'PRI * HTTP/2.0\r\n'
[2023-03-04 02:15:40,680] ERROR {cps.server:1226} <gevent._socket3.socket at 0x7fd6c7b63940 object, fd=11, family=10, type=1, proto=0>: Expected GET method: '\x03\x00\x00/*à\x00\x00\x00\x00\x00Cookie: mstshash=Administr\r\n'
[2023-03-04 02:53:20,974] ERROR {cps.server:1226} <gevent._socket3.socket at 0x7fd6d45537c0 object, fd=11, family=10, type=1, proto=0>: Invalid HTTP method: '\x03\x00\x00\x13\x0eà\x00\x00\x00\x00\x00\x01\x00\x08\x00\x02\x00\x00\x00'
[2023-03-04 04:10:00,050]  INFO {apscheduler.executors.default:123} Running job "end scheduled task (trigger: cron[hour='4', minute='10'], next run at: 2023-03-05 04:10:00 UTC)" (scheduled at 2023-03-04 04:10:00+00:00)
[2023-03-04 04:10:00,056]  INFO {apscheduler.executors.default:144} Job "end scheduled task (trigger: cron[hour='4', minute='10'], next run at: 2023-03-05 04:10:00 UTC)" executed successfully
[2023-03-04 23:11:26,290] ERROR {cps.server:1226} <gevent._socket3.socket at 0x7fd6c7b63940 object, fd=11, family=10, type=1, proto=0>: Invalid HTTP method: '\x03\x1aÐ\x03d\x00\x00\x00\x00\x00\x00\x00\x00\x00\x00\x00\x00\x00\x00\x00\x00\x00\x00\x00\x00\x00\x00\x00\x00\x00\x00\x00\x00\x00\x00\x00\x00\x00\x00\x00\x00\x00\x00\x00\x00\x00\x00\x00\x00\x00\x00\x00\x00\x00\x00\x00\x00\x00\x00\x00\x00\x00\x00\x00\x00\x00\x00\x00\x00\x00\x00\x00\x00\x00\x00\x00\x00\x00\x00\x00\x00\x00\x00\x00\x00\x00\x00\x00\x00\x00\x00\x00\x00\x00\x00\x00\x00\x00\x00\x00\x00\x00\x00\x00\x00\x00\x00\x00\x00\x00\x00\x00\x00\x00\x00\x00\x00\x00\x00\x00\x00\x00\x00\x00\x00\x00\x00\x00\x00\x00\x00\x00\x00\x00\x00\x00\x00\x00\x00\x00\x00\x00\x00\x00\x00\x00\x00\x00\x00\x00\x00\x00\x00\x00\x00\x00\x00\x00\x00\x00\x00\x00\x00\x00\x00\x00\x00\x00\x00\x00\x00\x00\x00\x00\x00\x00\x00\x00\x00\x00\x00\x00\x00\x00\x00\x00\x00\x00\x00\x00\x00\x00\x00\x00\x00\x00\x00\x00\x00\x00\x00\x00\x00\x00\x00\x00\x00\x00\x00\x00\x00\x00\x00\x00\x00\x00\x00\x00\x00\x00\x00\x00\x00\x00\x00\x00\x00\x00\x00\x00\x00\x00\x00\x00\x00\x00\x00\x00\x00\x00\x00\x00\x00\x00\x00\x00\x00\x00\x00\x00\x00\x00\x00\x00\x00\x00\x00\x00\x00\x00\x00\x00\x00\x00\x00\x00\x00\x00\x00\x00\x00\x00\x00\x00\x00\x00\x00\x00\x00\x00\x00\x00\x00\x00\x00\x00\x00\x00\x00\x00\x00\x00\x00\x00\x00\x00\x00\x00\x00\x00\x00\x00\x00\x00\x00\x00\x00\x00\x00\x00\x00\x00\x00\x00\x00\x00\x00\x00\x00\x00\x00\x00\x00\x00\x00\x00\x00\x00\x00\x00\x00\x00\x00\x00\x00\x00\x00\x00\x00\x00\x00\x00\x00\x00\x00\x00\x00\x00\x00\x00\x00\x00\x00\x00\x00\x00\x00\x00\x00\x00\x00\x00\x00\x00\x00\x00\x00\x00\x00\x00\x00\x00\x00\x00\x00\x00\x00\x00\x00\x00\x00\x00\x00\x00\x00\x00\x00\x00\x00\x00\x00\x00\x00\x00\x00\x00\x00\x00\x00\x00\x00\x00\x00\x00\x00\x00\x00\x00\x00\x00\x00\x00\x00\x00\x00\x00\x00\x00\x00\x00\x00\x00\x00\x00\x00\x00\x00\x00\x00\x00\x00\x00\x00\x00\x00\x00\x00\x00\x00\x00\x00\x00\x00\x00\x00\x00\x00\x00\x00\x00\x00\x00\x00\x00\x00\x00\x00\x00\x00\x00\x00\x00\x00\x00\x00\x00\x00\x00\x00\x00\x00\x00\x00\x00\x00\x00\x00\x00\x00\x00\x00\x00\x00\x00\x00\x00\x00\x00\x00\x00\x00\x00\x00\x00\x00\x00\x00\x00\x00\x00\x00\x00\x00\x00\x00\x00\x00\x00\x00\x00\x00\x00\x00\x00\x00\x00\x00\x00\x00\x00\x00\x00\x00\x00\x00\x00\x00\x00\x00\x00\x00\x00\x00\x00\x00\x00\x00\x00\x00\x00\x00\x00\x00\x00\x00\x00\x00\x00\x00\x00\x00\x00\x00\x00\x00\x00\x00\x00\x00\x00\x00\x00\x00\x00\x00\x00\x00\x00\x00\x00\x00\x00\x00\x00\x00\x00\x00\x00\x00\x00\x00\x00\x00\x00\x00\x00\x00\x00\x00\x00\x00\x00\x00\x00\x00\x00\x00\x00\x00\x00\x00\x00\x00\x00\x00\x00\x00\x00\x00\x00\x00\x00\x00\x00\x00\x00\x00\x00\x00\x00\x00\x00\x00\x00\x00\x00\x00\x00\x00\x00\x00\x00\x00\x00\x00\x00\x00\x00\x00\x00\x00\x00\x00\x00\x00\x00\x00\x00\x00\x00\x00\x00\x00\x00\x00\x00\x00\x00\x00\x00\x00\x00\x00\x00\x00\x00\x00\x00\x00\x00\x00\x00\x00\x00\x00\x00\x00\x00\x00\x00\x00\x00\x00\x00\x00\x00\x00\x00\x00\x00\x00\x00\x00\x00\x00\x00\x00\x00\x00\x00\x00\x00\x00\x00\x00\x00\x00\x00\x00\x00\x00\x00\x00\x00\x00\x00\x00\x00\x00\x00\x00\x00\x00\x00\x00\x00\x00\x00\x00\x00\x00\x00\x00\x00\x00\x00\x00\x00\x00\x00\x00\x00\x00\x00\x00\x00\x00\x00\x00\x00\x00\x00\x00\x00\x00\x00\x00\x00\x00\x00\x00\x00\x00\x00\x00\x00\x00\x00\x00\x00\x00\x00\x00\x00\x00\x00\x00\x00\x00\x00\x00\x00\x00\x00\x00\x00\x00\x00\x00\x00\x00\x00\x00\x00\x00\x00\x00\x00\x00\x00\x00\x00\x00\x00\x00\x00\x00\x00\x00\x00\x00\x00\x00\x00\x00\x00\x00\x00\x00\x00\x00\x00\x00\x00\x00\x00\x00\x00\x00\x00\x00\x00\x00\x00\x00\x00\x00\x00\x00\x00\x00\x00\x00\x00\x00\x00\x00\x00\x00\x00\x00\x00\x00\x00\x00\x00\x00\x00\x00\x00\x00\x00\x00\x00\x00\x00\x00\x00\x00\x00\x00\x00\x00\x00\x00\x00\x00\x00\x00\x00\x00\x00\x00\x00\x00\x00\x00\x00\x00\x00\x00\x00\x00\x00\x00\x00\x00\x00\x00\x00\x00\x00\x00\x00\x00\x00\x00\x00\x00\x00\x00\x00\x00\x00\x00\x00\x00\x00\x00\x00\x00\x00\x00\x00\x00\x00\x00\x00\x00\x00\x00\x00\x00\x00\x00\x00\x00\x00\x00\x00\x00\x00\x00\x00\x00\x00\x00\x00\x00\x00\x00\x00\x00\x00\x00\x00\x00\x00\x00\x00\x00\x00\x00\x00\x00\x00\x00\x00\x00\x00\x00\x00\x00\x00\x00\x00\x00\x00\x00\x00\x00\x00\x00\x00\x00\x00\x00\x00\x00\x00\x00\x00\x00\x00\x00\x00\x00\x00\x00\x00\x00\x00\x00\x00\x00\x00\x00\x00\x00\x00\x00\x00\x00\x00\x00\x00\x00\x00\x00\x00\x00\x00\x00\x00\x00\x00\x00\x00\x00\x00\x00\x00\x00\x00\x00\x00\x00\x00\x00\x00\x00\x00\x00\x00\x00\x00\x00\x00\x00\x00\x00\x00\x00\x00\x00\x00\x00\x00\x00\x00\x00\x00\x00\x00\x00\x00\x00\x00\x00\x00\x00\x00\x00\x00\x00\x00\x00\x00\x00\x00\x00\x00\x00\x00\x00\x00\x00\x00\x00\x00\x00\x00\x00\x00\x00\x00\x00\x00\x00\x00\x00\x00\x00\x00\x00\x00\x00\x00\x00\x00\x00\x00\x00\x00\x00\x00\x00\x00\x00\x00\x00\x00\x00\x00\x00\x00\x00\x00\x00\x00\x00\x00\x00\x00\x00\x00\x00\x00\x00\x00\x00\x00\x00\x00\x00\x00\x00\x00\x00\x00\x00\x00\x00\x00\x00\x00\x00\x00\x00\x00\x00\x00\x00\x00\x00\x00\x00\x00\x00\x00\x00\x00\x00\x00\x00\x00\x00\x00\x00\x00\x00\x00\x00\x00\x00\x00\x00\x00\x00\x00\x00\x00\x00\x00\x00\x00\x00\x00\x00\x00\x00\x00\x00\x00\x00\x00\x00\x00\x00\x00\x00\x00\x00\x00\x00\x00\x00\x00\x00\x00\x00\x00\x00\x00\x00\x00\x00\x00\x00\x00\x00\x00\x00\x00\x00\x00\x00\x00\x00\x00\x00\x00\x00\x00\x00\x00\x00\x00\x00\x00\x00\x00\x00\x00\x00\x00\x00\x00\x00\x00\x00\x00\x00\x00\x00\x00\x00\x00\x00\x00\x00\x00\x00\x00\x00\x00\x00\x00\x00\x00\x00\x00\x00\x00\x00\x00\x00\x00\x00\x00\x00\x00\x00\x00\x00\x00\x00\x00\x00\x00\x00\x00\x00\x00\x00\x00\x00\x00\x00\x00\x00\x00\x00\x00\x00\x00\x00\x00\x00\x00\x00\x00\x00\x00\x00\x00\x00\x00\x00\x00\x00\x00\x00\x00\x00\x00\x00\x00\x00\x00\x00\x00\x00\x00\x00\x00\x00\x00\x00\x00\x00\x00\x00\x00\x00\x00\x00\x00\x00\x00\x00\x00\x00\x00\x00\x00\x00\x00\x00\x00\x00\x00\x00\x00\x00\x00\x00\x00\x00\x00\x00\x00\x00\x00\x00\x00\x00\x00\x00\x00\x00\x00\x00\x00\x00\x00\x00\x00\x00\x00\x00\x00\x00\x00\x00\x00\x00\x00\x00\x00\x00\x00\x00\x00\x00\x00\x00\x00\x00\x00\x00\x00\x00\x00\x00\x00\x00\x00\x00\x00\x00\x00\x00\x00\x00\x00\x00\x00\x00\x00\x00\x00\x00\x00\x00\x00\x00\x00\x00\x00\x00\x00\x00\x00\x00\x00\x00\x00\x00\x00\x00\x00\x00\x00\x00\x00\x00\x00\x00\x00\x00\x00\x00\x00\x00\x00\x00\x00\x00\x00\x00\x00\x00\x00\x00\x00\x00\x00\x00\x00\x00\x00\x00\x00\x00\x00\x00\x00\x00\x00\x00\x00\x00\x00\x00\x00\x00\x00\x00\x00\x00\x00\x00\x00\x00\x00\x00\x00\x00\x00\x00\x00\x00\x00\x00\x00\x00\x00\x00\x00\x00\x00\x00\x00\x00\x00\x00'
[2023-03-05 00:15:35,378] ERROR {cps.server:1226} <gevent._socket3.socket at 0x7fd6d45887c0 object, fd=11, family=10, type=1, proto=0>: Expected GET method: '\x03\x00\x00/*à\x00\x00\x00\x00\x00Cookie: mstshash=Administr\r\n'
[2023-03-05 04:10:00,041]  INFO {apscheduler.executors.default:123} Running job "end scheduled task (trigger: cron[hour='4', minute='10'], next run at: 2023-03-06 04:10:00 UTC)" (scheduled at 2023-03-05 04:10:00+00:00)
[2023-03-05 04:10:00,053]  INFO {apscheduler.executors.default:144} Job "end scheduled task (trigger: cron[hour='4', minute='10'], next run at: 2023-03-06 04:10:00 UTC)" executed successfully
[2023-03-05 09:26:27,826] ERROR {cps.server:1226} <gevent._socket3.socket at 0x7fd6d45887c0 object, fd=11, family=10, type=1, proto=0>: Expected GET method: '\x04\x01\x00\x19Wøa\x1f\x00'
[2023-03-05 09:27:28,088] ERROR {cps.server:1226} <gevent._socket3.socket at 0x7fd6d45887c0 object, fd=11, family=10, type=1, proto=0>: Invalid HTTP method: '\x05\x01\x00'
[2023-03-05 10:14:42,359] ERROR {cps.server:1226} <gevent._socket3.socket at 0x7fd6d4551000 object, fd=11, family=10, type=1, proto=0>: Expected GET method: '\x04\x01\x00PUÎ\xa0s\x00'
[2023-03-05 10:15:05,348] ERROR {cps.server:1226} <gevent._socket3.socket at 0x7fd6d4551000 object, fd=11, family=10, type=1, proto=0>: Invalid HTTP method: '\x05\x01\x00'
[2023-03-05 10:16:15,718] ERROR {cps.server:1226} <gevent._socket3.socket at 0x7fd6d4551000 object, fd=11, family=10, type=1, proto=0>: Expected GET method: '\x04\x01\x00PUÎ\xa0s\x00'
[2023-03-05 10:17:16,005] ERROR {cps.server:1226} <gevent._socket3.socket at 0x7fd6d4551000 object, fd=11, family=10, type=1, proto=0>: Invalid HTTP method: '\x05\x01\x00'
[2023-03-05 14:14:16,918] ERROR {cps.server:1226} <gevent._socket3.socket at 0x7fd6d45505e0 object, fd=12, family=10, type=1, proto=0>: Invalid http version: 'PRI * HTTP/2.0\r\n'
[2023-03-05 14:14:17,941] ERROR {cps.server:1226} <gevent._socket3.socket at 0x7fd6d4550ac0 object, fd=11, family=10, type=1, proto=0>: Invalid http version: 'PRI * HTTP/2.0\r\n'
[2023-03-05 20:34:57,569] ERROR {cps.server:1226} <gevent._socket3.socket at 0x7fd6d45502e0 object, fd=11, family=10, type=1, proto=0>: Expected GET method: '\x03\x00\x00/*à\x00\x00\x00\x00\x00Cookie: mstshash=Administr\r\n'
[2023-03-05 21:30:10,327] ERROR {cps.server:1226} <gevent._socket3.socket at 0x7fd6d6df8be0 object, fd=11, family=10, type=1, proto=0>: Invalid HTTP method: '\x03\x00\x00\x13\x0eà\x00\x00\x00\x00\x00\x01\x00\x08\x00\x02\x00\x00\x00'
[2023-03-06 00:00:28,538] ERROR {cps.server:1226} <gevent._socket3.socket at 0x7fd6d45502e0 object, fd=11, family=10, type=1, proto=0>: Invalid HTTP method: '\x03\x00\x00\x13\x0eà\x00\x00\x00\x00\x00\x01\x00\x08\x00\x02\x00\x00\x00'
[2023-03-06 04:10:00,054]  INFO {apscheduler.executors.default:123} Running job "end scheduled task (trigger: cron[hour='4', minute='10'], next run at: 2023-03-07 04:10:00 UTC)" (scheduled at 2023-03-06 04:10:00+00:00)
[2023-03-06 04:10:00,063]  INFO {apscheduler.executors.default:144} Job "end scheduled task (trigger: cron[hour='4', minute='10'], next run at: 2023-03-07 04:10:00 UTC)" executed successfully
[2023-03-06 07:37:11,760] ERROR {cps.server:1226} <gevent._socket3.socket at 0x7fd6d47e67a0 object, fd=12, family=10, type=1, proto=0>: Invalid HTTP method: '\x03\x00\x00\x13\x0eà\x00\x00\x00\x00\x00\x01\x00\x08\x00\x02\x00\x00\x00'
[2023-03-06 17:03:27,763] ERROR {cps.server:1226} <gevent._socket3.socket at 0x7fd6d47e67a0 object, fd=12, family=10, type=1, proto=0>: Invalid HTTP method: '\x03\x00\x00\x13\x0eà\x00\x00\x00\x00\x00\x01\x00\x08\x00\x02\x00\x00\x00'
[2023-03-06 21:51:33,105] ERROR {cps.server:1226} <gevent._socket3.socket at 0x7fd6d47e6740 object, fd=12, family=10, type=1, proto=0>: Expected GET method: '\x03\x00\x00/*à\x00\x00\x00\x00\x00Cookie: mstshash=Administr\r\n'
[2023-03-07 01:46:42,691] ERROR {cps.server:1226} <gevent._socket3.socket at 0x7fd6d47e67a0 object, fd=12, family=10, type=1, proto=0>: Expected GET method: '\x03\x00\x00/*à\x00\x00\x00\x00\x00Cookie: mstshash=Administr\r\n'
[2023-03-07 02:02:15,082] ERROR {cps.server:1226} <gevent._socket3.socket at 0x7fd6d47e67a0 object, fd=12, family=10, type=1, proto=0>: Invalid HTTP method: '\x03\x00\x00\x13\x0eà\x00\x00\x00\x00\x00\x01\x00\x08\x00\x02\x00\x00\x00'
[2023-03-07 04:10:00,050]  INFO {apscheduler.executors.default:123} Running job "end scheduled task (trigger: cron[hour='4', minute='10'], next run at: 2023-03-08 04:10:00 UTC)" (scheduled at 2023-03-07 04:10:00+00:00)
[2023-03-07 04:10:00,051]  INFO {apscheduler.executors.default:144} Job "end scheduled task (trigger: cron[hour='4', minute='10'], next run at: 2023-03-08 04:10:00 UTC)" executed successfully
[2023-03-07 11:14:10,070] ERROR {cps.server:1226} <gevent._socket3.socket at 0x7fd6d47e76a0 object, fd=12, family=10, type=1, proto=0>: Invalid HTTP method: '\x03\x00\x00\x13\x0eà\x00\x00\x00\x00\x00\x01\x00\x08\x00\x02\x00\x00\x00'
[2023-03-07 12:03:33,642] ERROR {cps.server:1226} <gevent._socket3.socket at 0x7fd6d47e76a0 object, fd=12, family=10, type=1, proto=0>: Invalid http version: 'PRI * HTTP/2.0\r\n'
[2023-03-07 12:03:34,989] ERROR {cps.server:1226} <gevent._socket3.socket at 0x7fd6d47e76a0 object, fd=12, family=10, type=1, proto=0>: Invalid http version: 'PRI * HTTP/2.0\r\n'
[2023-03-07 15:33:02,340] ERROR {cps.server:1226} <gevent._socket3.socket at 0x7fd6d4980340 object, fd=12, family=10, type=1, proto=0>: Expected GET method: '\x03\x00\x00/*à\x00\x00\x00\x00\x00Cookie: mstshash=Administr\r\n'
[2023-03-08 04:10:00,049]  INFO {apscheduler.executors.default:123} Running job "end scheduled task (trigger: cron[hour='4', minute='10'], next run at: 2023-03-09 04:10:00 UTC)" (scheduled at 2023-03-08 04:10:00+00:00)
[2023-03-08 04:10:00,064]  INFO {apscheduler.executors.default:144} Job "end scheduled task (trigger: cron[hour='4', minute='10'], next run at: 2023-03-09 04:10:00 UTC)" executed successfully
[2023-03-08 04:24:15,266] ERROR {cps.server:1226} <gevent._socket3.socket at 0x7fd6c7d3cd00 object, fd=12, family=10, type=1, proto=0>: Expected GET method: '\x03\x00\x00/*à\x00\x00\x00\x00\x00Cookie: mstshash=Administr\r\n'
[2023-03-08 08:58:18,877] ERROR {cps.server:1226} <gevent._socket3.socket at 0x7fd6c7d3cd00 object, fd=12, family=10, type=1, proto=0>: Expected GET method: '\x03\x00\x00/*à\x00\x00\x00\x00\x00Cookie: mstshash=Administr\r\n'
[2023-03-08 16:33:54,385] ERROR {cps.server:1226} <gevent._socket3.socket at 0x7fd6c7d3cd00 object, fd=12, family=10, type=1, proto=0>: Expected GET method: '\x03\x00\x00/*à\x00\x00\x00\x00\x00Cookie: mstshash=Administr\r\n'
[2023-03-09 04:10:00,069]  INFO {apscheduler.executors.default:123} Running job "end scheduled task (trigger: cron[hour='4', minute='10'], next run at: 2023-03-10 04:10:00 UTC)" (scheduled at 2023-03-09 04:10:00+00:00)
[2023-03-09 04:10:00,098]  INFO {apscheduler.executors.default:144} Job "end scheduled task (trigger: cron[hour='4', minute='10'], next run at: 2023-03-10 04:10:00 UTC)" executed successfully
[2023-03-09 08:15:10,651] ERROR {cps.server:1226} <gevent._socket3.socket at 0x7fd6c7a3fd00 object, fd=12, family=10, type=1, proto=0>: Expected GET method: '\x03\x00\x00/*à\x00\x00\x00\x00\x00Cookie: mstshash=Administr\r\n'
[2023-03-09 14:38:07,638] ERROR {cps.server:1226} <gevent._socket3.socket at 0x7fd6c7a3fd00 object, fd=12, family=10, type=1, proto=0>: Invalid http version: 'PRI * HTTP/2.0\r\n'
[2023-03-09 14:38:08,716] ERROR {cps.server:1226} <gevent._socket3.socket at 0x7fd6c7a3fd00 object, fd=12, family=10, type=1, proto=0>: Invalid http version: 'PRI * HTTP/2.0\r\n'
[2023-03-09 16:56:09,252] ERROR {cps.server:1226} <gevent._socket3.socket at 0x7fd6c7ff29e0 object, fd=12, family=10, type=1, proto=0>: Invalid HTTP method: '\x05\x01\x00'
[2023-03-09 16:56:12,281] ERROR {cps.server:1226} <gevent._socket3.socket at 0x7fd6c7ff29e0 object, fd=12, family=10, type=1, proto=0>: Invalid HTTP method: '\x05\x01\x00'
[2023-03-10 04:10:00,071]  INFO {apscheduler.executors.default:123} Running job "end scheduled task (trigger: cron[hour='4', minute='10'], next run at: 2023-03-11 04:10:00 UTC)" (scheduled at 2023-03-10 04:10:00+00:00)
[2023-03-10 04:10:00,077]  INFO {apscheduler.executors.default:144} Job "end scheduled task (trigger: cron[hour='4', minute='10'], next run at: 2023-03-11 04:10:00 UTC)" executed successfully
[2023-03-10 05:27:58,182] ERROR {cps.server:1226} <gevent._socket3.socket at 0x7fd6c7ff29e0 object, fd=12, family=10, type=1, proto=0>: Expected GET method: '\x03\x00\x00/*à\x00\x00\x00\x00\x00Cookie: mstshash=Administr\r\n'
[2023-03-10 21:55:03,020] ERROR {cps.server:1226} <gevent._socket3.socket at 0x7fd6c7ff29e0 object, fd=12, family=10, type=1, proto=0>: Expected GET method: '\x03\x00\x00/*à\x00\x00\x00\x00\x00Cookie: mstshash=Administr\r\n'
[2023-03-11 02:34:51,915] ERROR {cps.server:1226} <gevent._socket3.socket at 0x7fd6d42a8d60 object, fd=12, family=10, type=1, proto=0>: Expected GET method: '\x03\x00\x00/*à\x00\x00\x00\x00\x00Cookie: mstshash=Administr\r\n'
[2023-03-11 03:15:15,767] ERROR {cps.server:1226} <gevent._socket3.socket at 0x7fd6d42a8d60 object, fd=12, family=10, type=1, proto=0>: Invalid HTTP method: '\x03\x00\x00\x13\x0eà\x00\x00\x00\x00\x00\x01\x00\x08\x00\x02\x00\x00\x00'
[2023-03-11 03:35:18,087] ERROR {cps.server:1226} <gevent._socket3.socket at 0x7fd6d42a8d60 object, fd=12, family=10, type=1, proto=0>: Expected GET method: '\x03\x00\x00/*à\x00\x00\x00\x00\x00Cookie: mstshash=Administr\r\n'
[2023-03-11 03:51:22,052] ERROR {cps.server:1226} <gevent._socket3.socket at 0x7fd6c7ff29e0 object, fd=12, family=10, type=1, proto=0>: Expected GET method: '\x03\x00\x00/*à\x00\x00\x00\x00\x00Cookie: mstshash=Administr\r\n'
[2023-03-11 04:10:00,078]  INFO {apscheduler.executors.default:123} Running job "end scheduled task (trigger: cron[hour='4', minute='10'], next run at: 2023-03-12 04:10:00 UTC)" (scheduled at 2023-03-11 04:10:00+00:00)
[2023-03-11 04:10:00,079]  INFO {apscheduler.executors.default:144} Job "end scheduled task (trigger: cron[hour='4', minute='10'], next run at: 2023-03-12 04:10:00 UTC)" executed successfully
[2023-03-11 05:48:04,469] ERROR {cps.server:1226} <gevent._socket3.socket at 0x7fd6d42a6740 object, fd=12, family=10, type=1, proto=0>: Expected GET method: '\x03\x00\x00/*à\x00\x00\x00\x00\x00Cookie: mstshash=Administr\r\n'
[2023-03-11 06:37:54,515] ERROR {cps.server:1226} <gevent._socket3.socket at 0x7fd6d42a6740 object, fd=12, family=10, type=1, proto=0>: Expected GET method: '\x03\x00\x00/*à\x00\x00\x00\x00\x00Cookie: mstshash=Administr\r\n'
[2023-03-12 01:37:59,963] ERROR {cps.server:1226} <gevent._socket3.socket at 0x7fd6d42a6740 object, fd=12, family=10, type=1, proto=0>: Invalid http version: 'PRI * HTTP/2.0\r\n'
[2023-03-12 01:38:01,099] ERROR {cps.server:1226} <gevent._socket3.socket at 0x7fd6d42a6740 object, fd=12, family=10, type=1, proto=0>: Invalid http version: 'PRI * HTTP/2.0\r\n'
[2023-03-12 04:10:00,068]  INFO {apscheduler.executors.default:123} Running job "end scheduled task (trigger: cron[hour='4', minute='10'], next run at: 2023-03-13 04:10:00 UTC)" (scheduled at 2023-03-12 04:10:00+00:00)
[2023-03-12 04:10:00,071]  INFO {apscheduler.executors.default:144} Job "end scheduled task (trigger: cron[hour='4', minute='10'], next run at: 2023-03-13 04:10:00 UTC)" executed successfully
[2023-03-12 23:40:47,880] ERROR {cps.server:1226} <gevent._socket3.socket at 0x7fd6d431f640 object, fd=12, family=10, type=1, proto=0>: Invalid HTTP method: '\x03\x00\x00\x13\x0eà\x00\x00\x00\x00\x00\x01\x00\x08\x00\x02\x00\x00\x00'
[2023-03-13 04:10:00,084]  INFO {apscheduler.executors.default:123} Running job "end scheduled task (trigger: cron[hour='4', minute='10'], next run at: 2023-03-14 04:10:00 UTC)" (scheduled at 2023-03-13 04:10:00+00:00)
[2023-03-13 04:10:00,114]  INFO {apscheduler.executors.default:144} Job "end scheduled task (trigger: cron[hour='4', minute='10'], next run at: 2023-03-14 04:10:00 UTC)" executed successfully
[2023-03-13 05:23:16,936] ERROR {cps.server:1226} <gevent._socket3.socket at 0x7fd6d431cee0 object, fd=12, family=10, type=1, proto=0>: Expected GET method: '\x03\x00\x00/*à\x00\x00\x00\x00\x00Cookie: mstshash=Administr\r\n'
[2023-03-13 07:19:13,305] ERROR {cps.server:1226} <gevent._socket3.socket at 0x7fd6d431cee0 object, fd=12, family=10, type=1, proto=0>: Invalid HTTP method: '\r\n'
[2023-03-13 07:20:12,713] ERROR {cps.server:1226} <gevent._socket3.socket at 0x7fd6d4317d60 object, fd=12, family=10, type=1, proto=0>: Invalid HTTP method: '\x0e\x00\x00\x00\x00\x00\x00\x00\x00\x00\x00\x00\x00\x00\x00\x00bbbb0100000001'
[2023-03-13 08:50:52,180]  INFO {cps.admin:1468} Update status requested
[2023-03-13 09:25:49,767] ERROR {cps.helper:189} Cannot find book entry 839
[2023-03-13 09:27:29,355] ERROR {cps.helper:189} Cannot find book entry 839
[2023-03-13 09:35:31,086] ERROR {cps.helper:189} Cannot find book entry 839
[2023-03-13 09:38:59,229] ERROR {cps.helper:189} Cannot find book entry 839
[2023-03-13 09:44:25,543] ERROR {cps.helper:189} Cannot find book entry 839
[2023-03-13 09:45:20,851] ERROR {cps.helper:189} Cannot find book entry 839
[2023-03-13 09:46:02,203] ERROR {cps.helper:852} Cover-file is not a valid image file, or could not be stored
[2023-03-13 09:46:02,790] ERROR {cps.helper:189} Cannot find book entry 839
[2023-03-13 09:46:26,535] ERROR {cps.helper:852} Cover-file is not a valid image file, or could not be stored
[2023-03-13 09:46:27,119] ERROR {cps.helper:189} Cannot find book entry 839
[2023-03-13 09:47:05,268] ERROR {cps.helper:852} Cover-file is not a valid image file, or could not be stored
[2023-03-13 09:47:05,821] ERROR {cps.helper:189} Cannot find book entry 839
[2023-03-13 09:47:44,767] ERROR {cps.helper:852} Cover-file is not a valid image file, or could not be stored
[2023-03-13 09:47:45,310] ERROR {cps.helper:189} Cannot find book entry 839
[2023-03-13 09:49:22,032] ERROR {cps.helper:189} Cannot find book entry 839
[2023-03-13 09:51:09,758] ERROR {cps:1457} Exception on /admin/viewconfig [POST]
Traceback (most recent call last):
  File "/usr/local/lib/python3.10/dist-packages/werkzeug/formparser.py", line 142, in wrapper
    return f(self, stream, *args, **kwargs)
  File "/usr/local/lib/python3.10/dist-packages/werkzeug/formparser.py", line 312, in _parse_urlencoded
    form = url_decode_stream(stream, self.charset, errors=self.errors, cls=self.cls)
  File "/usr/local/lib/python3.10/dist-packages/werkzeug/urls.py", line 931, in url_decode_stream
    return cls(decoder)
  File "/usr/local/lib/python3.10/dist-packages/werkzeug/datastructures.py", line 348, in __init__
    for key, value in mapping or ():
  File "/usr/local/lib/python3.10/dist-packages/werkzeug/urls.py", line 937, in _url_decode_impl
    for pair in pair_iter:
  File "/usr/local/lib/python3.10/dist-packages/werkzeug/wsgi.py", line 784, in make_chunk_iter
    first_item = next(_iter, b"")
  File "/usr/local/lib/python3.10/dist-packages/werkzeug/wsgi.py", line 653, in _make_chunk_iter
    item = _read(buffer_size)
  File "/usr/local/lib/python3.10/dist-packages/gevent/pywsgi.py", line 320, in read
    return self._do_read(length)
  File "/usr/local/lib/python3.10/dist-packages/gevent/pywsgi.py", line 199, in _do_read
    raise IOError("unexpected end of file while reading request at position %s" % (self.position,))
OSError: unexpected end of file while reading request at position 0

During handling of the above exception, another exception occurred:

Traceback (most recent call last):
  File "/usr/local/lib/python3.10/dist-packages/flask/app.py", line 2073, in wsgi_app
    response = self.full_dispatch_request()
  File "/usr/local/lib/python3.10/dist-packages/flask/app.py", line 1518, in full_dispatch_request
    rv = self.handle_user_exception(e)
  File "/usr/local/lib/python3.10/dist-packages/flask/app.py", line 1514, in full_dispatch_request
    rv = self.preprocess_request()
  File "/usr/local/lib/python3.10/dist-packages/flask/app.py", line 1857, in preprocess_request
    rv = self.ensure_sync(before_func)()
  File "/usr/local/lib/python3.10/dist-packages/flask_wtf/csrf.py", line 229, in csrf_protect
    self.protect()
  File "/usr/local/lib/python3.10/dist-packages/flask_wtf/csrf.py", line 261, in protect
    validate_csrf(self._get_csrf_token())
  File "/usr/local/lib/python3.10/dist-packages/flask_wtf/csrf.py", line 234, in _get_csrf_token
    base_token = request.form.get(field_name)
  File "/usr/local/lib/python3.10/dist-packages/werkzeug/utils.py", line 97, in __get__
    value = self.fget(obj)  # type: ignore
  File "/usr/local/lib/python3.10/dist-packages/werkzeug/wrappers/request.py", line 447, in form
    self._load_form_data()
  File "/usr/local/lib/python3.10/dist-packages/flask/wrappers.py", line 113, in _load_form_data
    RequestBase._load_form_data(self)
  File "/usr/local/lib/python3.10/dist-packages/werkzeug/wrappers/request.py", line 285, in _load_form_data
    data = parser.parse(
  File "/usr/local/lib/python3.10/dist-packages/werkzeug/formparser.py", line 265, in parse
    return parse_func(self, stream, mimetype, content_length, options)
  File "/usr/local/lib/python3.10/dist-packages/werkzeug/formparser.py", line 150, in wrapper
    chunk = stream.read(1024 * 64)
  File "/usr/local/lib/python3.10/dist-packages/gevent/pywsgi.py", line 320, in read
    return self._do_read(length)
  File "/usr/local/lib/python3.10/dist-packages/gevent/pywsgi.py", line 199, in _do_read
    raise IOError("unexpected end of file while reading request at position %s" % (self.position,))
OSError: unexpected end of file while reading request at position 0
[2023-03-13 09:51:37,672] ERROR {cps.helper:189} Cannot find book entry 839
[2023-03-13 09:52:41,309] ERROR {cps:1457} Exception on /admin/viewconfig [POST]
Traceback (most recent call last):
  File "/usr/local/lib/python3.10/dist-packages/werkzeug/formparser.py", line 142, in wrapper
    return f(self, stream, *args, **kwargs)
  File "/usr/local/lib/python3.10/dist-packages/werkzeug/formparser.py", line 312, in _parse_urlencoded
    form = url_decode_stream(stream, self.charset, errors=self.errors, cls=self.cls)
  File "/usr/local/lib/python3.10/dist-packages/werkzeug/urls.py", line 931, in url_decode_stream
    return cls(decoder)
  File "/usr/local/lib/python3.10/dist-packages/werkzeug/datastructures.py", line 348, in __init__
    for key, value in mapping or ():
  File "/usr/local/lib/python3.10/dist-packages/werkzeug/urls.py", line 937, in _url_decode_impl
    for pair in pair_iter:
  File "/usr/local/lib/python3.10/dist-packages/werkzeug/wsgi.py", line 784, in make_chunk_iter
    first_item = next(_iter, b"")
  File "/usr/local/lib/python3.10/dist-packages/werkzeug/wsgi.py", line 653, in _make_chunk_iter
    item = _read(buffer_size)
  File "/usr/local/lib/python3.10/dist-packages/gevent/pywsgi.py", line 320, in read
    return self._do_read(length)
  File "/usr/local/lib/python3.10/dist-packages/gevent/pywsgi.py", line 199, in _do_read
    raise IOError("unexpected end of file while reading request at position %s" % (self.position,))
OSError: unexpected end of file while reading request at position 0

During handling of the above exception, another exception occurred:

Traceback (most recent call last):
  File "/usr/local/lib/python3.10/dist-packages/flask/app.py", line 2073, in wsgi_app
    response = self.full_dispatch_request()
  File "/usr/local/lib/python3.10/dist-packages/flask/app.py", line 1518, in full_dispatch_request
    rv = self.handle_user_exception(e)
  File "/usr/local/lib/python3.10/dist-packages/flask/app.py", line 1514, in full_dispatch_request
    rv = self.preprocess_request()
  File "/usr/local/lib/python3.10/dist-packages/flask/app.py", line 1857, in preprocess_request
    rv = self.ensure_sync(before_func)()
  File "/usr/local/lib/python3.10/dist-packages/flask_wtf/csrf.py", line 229, in csrf_protect
    self.protect()
  File "/usr/local/lib/python3.10/dist-packages/flask_wtf/csrf.py", line 261, in protect
    validate_csrf(self._get_csrf_token())
  File "/usr/local/lib/python3.10/dist-packages/flask_wtf/csrf.py", line 234, in _get_csrf_token
    base_token = request.form.get(field_name)
  File "/usr/local/lib/python3.10/dist-packages/werkzeug/utils.py", line 97, in __get__
    value = self.fget(obj)  # type: ignore
  File "/usr/local/lib/python3.10/dist-packages/werkzeug/wrappers/request.py", line 447, in form
    self._load_form_data()
  File "/usr/local/lib/python3.10/dist-packages/flask/wrappers.py", line 113, in _load_form_data
    RequestBase._load_form_data(self)
  File "/usr/local/lib/python3.10/dist-packages/werkzeug/wrappers/request.py", line 285, in _load_form_data
    data = parser.parse(
  File "/usr/local/lib/python3.10/dist-packages/werkzeug/formparser.py", line 265, in parse
    return parse_func(self, stream, mimetype, content_length, options)
  File "/usr/local/lib/python3.10/dist-packages/werkzeug/formparser.py", line 150, in wrapper
    chunk = stream.read(1024 * 64)
  File "/usr/local/lib/python3.10/dist-packages/gevent/pywsgi.py", line 320, in read
    return self._do_read(length)
  File "/usr/local/lib/python3.10/dist-packages/gevent/pywsgi.py", line 199, in _do_read
    raise IOError("unexpected end of file while reading request at position %s" % (self.position,))
OSError: unexpected end of file while reading request at position 0
[2023-03-13 13:06:40,797] ERROR {cps.server:1226} <gevent._socket3.socket at 0x7fd6d4a505e0 object, fd=13, family=10, type=1, proto=0>: Invalid http version: 'PRI * HTTP/2.0\r\n'
[2023-03-13 13:06:42,122] ERROR {cps.server:1226} <gevent._socket3.socket at 0x7fd6d4a505e0 object, fd=12, family=10, type=1, proto=0>: Invalid http version: 'PRI * HTTP/2.0\r\n'
[2023-03-13 17:09:06,811] ERROR {cps.server:1226} <gevent._socket3.socket at 0x7fd6c64e1a80 object, fd=12, family=10, type=1, proto=0>: Expected GET method: '\x03\x00\x00/*à\x00\x00\x00\x00\x00Cookie: mstshash=Administr\r\n'
